  [1m[36m (26.9ms)[0m  [1mCREATE TABLE "schema_migrations" ("version" character varying NOT NULL) [0m
  [1m[35m (1.4ms)[0m  CREATE UNIQUE INDEX  "unique_schema_migrations" ON "schema_migrations"  ("version")
  [1m[36mActiveRecord::SchemaMigration Load (0.3ms)[0m  [1mSELECT "schema_migrations".* FROM "schema_migrations"[0m
Migrating to AddArticles (20180309144007)
  [1m[35m (0.1ms)[0m  BEGIN
DEPRECATION WARNING: `#timestamps` was called without specifying an option for `null`. In Rails 5, this behavior will change to `null: false`. You should manually specify `null: true` to prevent the behavior of your existing migrations from changing. (called from block in change at /Users/nicholas.mueller/Sites/graphql-client/db/migrate/20180309144007_add_articles.rb:7)
  [1m[36m (21.4ms)[0m  [1mCREATE TABLE "articles" ("id" serial primary key, "title" character varying, "body" text, "created_at" timestamp, "updated_at" timestamp) [0m
DEPRECATION WARNING: `#timestamps` was called without specifying an option for `null`. In Rails 5, this behavior will change to `null: false`. You should manually specify `null: true` to prevent the behavior of your existing migrations from changing. (called from block in change at /Users/nicholas.mueller/Sites/graphql-client/db/migrate/20180309144007_add_articles.rb:15)
  [1m[35m (2.4ms)[0m  CREATE TABLE "comments" ("id" serial primary key, "commenter" character varying, "body" text, "article_id" integer, "created_at" timestamp, "updated_at" timestamp) 
  [1m[36mSQL (0.4ms)[0m  [1mINSERT INTO "schema_migrations" ("version") VALUES ($1)[0m  [["version", "20180309144007"]]
  [1m[35m (6.3ms)[0m  COMMIT
  [1m[36mActiveRecord::SchemaMigration Load (0.2ms)[0m  [1mSELECT "schema_migrations".* FROM "schema_migrations"[0m
  [1m[35m (2.3ms)[0m  SELECT t2.oid::regclass::text AS to_table, a1.attname AS column, a2.attname AS primary_key, c.conname AS name, c.confupdtype AS on_update, c.confdeltype AS on_delete
FROM pg_constraint c
JOIN pg_class t1 ON c.conrelid = t1.oid
JOIN pg_class t2 ON c.confrelid = t2.oid
JOIN pg_attribute a1 ON a1.attnum = c.conkey[1] AND a1.attrelid = t1.oid
JOIN pg_attribute a2 ON a2.attnum = c.confkey[1] AND a2.attrelid = t2.oid
JOIN pg_namespace t3 ON c.connamespace = t3.oid
WHERE c.contype = 'f'
  AND t1.relname = 'articles'
  AND t3.nspname = ANY (current_schemas(false))
ORDER BY c.conname

  [1m[36m (1.4ms)[0m  [1mSELECT t2.oid::regclass::text AS to_table, a1.attname AS column, a2.attname AS primary_key, c.conname AS name, c.confupdtype AS on_update, c.confdeltype AS on_delete
FROM pg_constraint c
JOIN pg_class t1 ON c.conrelid = t1.oid
JOIN pg_class t2 ON c.confrelid = t2.oid
JOIN pg_attribute a1 ON a1.attnum = c.conkey[1] AND a1.attrelid = t1.oid
JOIN pg_attribute a2 ON a2.attnum = c.confkey[1] AND a2.attrelid = t2.oid
JOIN pg_namespace t3 ON c.connamespace = t3.oid
WHERE c.contype = 'f'
  AND t1.relname = 'comments'
  AND t3.nspname = ANY (current_schemas(false))
ORDER BY c.conname
[0m
  [1m[36mActiveRecord::SchemaMigration Load (0.4ms)[0m  [1mSELECT "schema_migrations".* FROM "schema_migrations"[0m
  [1m[35mActiveRecord::SchemaMigration Load (0.2ms)[0m  SELECT "schema_migrations".* FROM "schema_migrations"
Migrating to AddArticles (20180309144007)
  [1m[36m (0.1ms)[0m  [1mBEGIN[0m
  [1m[35m (1.3ms)[0m  DROP TABLE "comments"
  [1m[36m (0.5ms)[0m  [1mDROP TABLE "articles"[0m
  [1m[35mSQL (0.2ms)[0m  DELETE FROM "schema_migrations" WHERE "schema_migrations"."version" = $1  [["version", "20180309144007"]]
  [1m[36m (8.2ms)[0m  [1mCOMMIT[0m
  [1m[35mActiveRecord::SchemaMigration Load (0.2ms)[0m  SELECT "schema_migrations".* FROM "schema_migrations"
  [1m[36mActiveRecord::SchemaMigration Load (0.3ms)[0m  [1mSELECT "schema_migrations".* FROM "schema_migrations"[0m
Migrating to CreateArticles (20180309144610)
  [1m[35m (0.1ms)[0m  BEGIN
  [1m[36m (3.6ms)[0m  [1mCREATE TABLE "articles" ("id" serial primary key, "title" character varying, "body" text, "created_at" timestamp NOT NULL, "updated_at" timestamp NOT NULL) [0m
  [1m[35mSQL (0.2ms)[0m  INSERT INTO "schema_migrations" ("version") VALUES ($1)  [["version", "20180309144610"]]
  [1m[36m (0.4ms)[0m  [1mCOMMIT[0m
Migrating to CreateComments (20180309144720)
  [1m[35m (0.2ms)[0m  BEGIN
  [1m[36m (2.3ms)[0m  [1mCREATE TABLE "comments" ("id" serial primary key, "commenter" character varying, "body" text, "article_id" integer, "created_at" timestamp NOT NULL, "updated_at" timestamp NOT NULL) [0m
  [1m[35m (0.6ms)[0m  CREATE  INDEX  "index_comments_on_article_id" ON "comments"  ("article_id")
  [1m[36m (1.5ms)[0m  [1mALTER TABLE "comments" ADD CONSTRAINT "fk_rails_3bf61a60d3"
FOREIGN KEY ("article_id")
  REFERENCES "articles" ("id")
[0m
  [1m[35mSQL (0.1ms)[0m  INSERT INTO "schema_migrations" ("version") VALUES ($1)  [["version", "20180309144720"]]
  [1m[36m (0.4ms)[0m  [1mCOMMIT[0m
  [1m[35mActiveRecord::SchemaMigration Load (0.2ms)[0m  SELECT "schema_migrations".* FROM "schema_migrations"
  [1m[36m (2.1ms)[0m  [1mSELECT t2.oid::regclass::text AS to_table, a1.attname AS column, a2.attname AS primary_key, c.conname AS name, c.confupdtype AS on_update, c.confdeltype AS on_delete
FROM pg_constraint c
JOIN pg_class t1 ON c.conrelid = t1.oid
JOIN pg_class t2 ON c.confrelid = t2.oid
JOIN pg_attribute a1 ON a1.attnum = c.conkey[1] AND a1.attrelid = t1.oid
JOIN pg_attribute a2 ON a2.attnum = c.confkey[1] AND a2.attrelid = t2.oid
JOIN pg_namespace t3 ON c.connamespace = t3.oid
WHERE c.contype = 'f'
  AND t1.relname = 'articles'
  AND t3.nspname = ANY (current_schemas(false))
ORDER BY c.conname
[0m
  [1m[35m (2.1ms)[0m  SELECT t2.oid::regclass::text AS to_table, a1.attname AS column, a2.attname AS primary_key, c.conname AS name, c.confupdtype AS on_update, c.confdeltype AS on_delete
FROM pg_constraint c
JOIN pg_class t1 ON c.conrelid = t1.oid
JOIN pg_class t2 ON c.confrelid = t2.oid
JOIN pg_attribute a1 ON a1.attnum = c.conkey[1] AND a1.attrelid = t1.oid
JOIN pg_attribute a2 ON a2.attnum = c.confkey[1] AND a2.attrelid = t2.oid
JOIN pg_namespace t3 ON c.connamespace = t3.oid
WHERE c.contype = 'f'
  AND t1.relname = 'comments'
  AND t3.nspname = ANY (current_schemas(false))
ORDER BY c.conname



Started GET "/graphiql" for ::1 at 2018-03-09 09:07:55 -0600
  [1m[36mActiveRecord::SchemaMigration Load (0.3ms)[0m  [1mSELECT "schema_migrations".* FROM "schema_migrations"[0m
Processing by GraphiQL::Rails::EditorsController#show as HTML
  Parameters: {"graphql_path"=>"/graphql"}
  Rendered /Users/nicholas.mueller/.rvm/gems/ruby-2.3.1@grphql-client/gems/graphiql-rails-1.4.2/app/views/graphiql/rails/editors/show.html.erb (912.4ms)
Completed 200 OK in 934ms (Views: 926.7ms | ActiveRecord: 0.0ms)


Started GET "/assets/graphiql/rails/graphiql-0.10.2.self-502bc904003888f1c83f4754793ea7aea5f32e081ed553bc653854fa90470d47.css?body=1" for ::1 at 2018-03-09 09:07:56 -0600


Started GET "/assets/graphiql/rails/fetch-0.10.1.self-f437c870c896977786418a4fa2d03b7a2277e57d4d89386f826907d2b51dda7d.js?body=1" for ::1 at 2018-03-09 09:07:56 -0600


Started GET "/assets/graphiql/rails/application.self-2c9bc09a5afbacf648b10c838cd420bd95f808b6f0f767ab0ed944eb97b5ed5d.css?body=1" for ::1 at 2018-03-09 09:07:56 -0600


Started GET "/assets/graphiql/rails/react-dom-15.5.4.self-75b0dc9d5d81567713c2c4c029cd8b63c7d10b7cbd1b9182b50acf1459bd74f1.js?body=1" for ::1 at 2018-03-09 09:07:56 -0600


Started GET "/assets/graphiql/rails/graphiql-0.10.2.self-b1f3838c6df9bb8fb4d30315dcdb431c4e3c5be8f8827635360232b8019d65bd.js?body=1" for ::1 at 2018-03-09 09:07:56 -0600


Started GET "/assets/graphiql/rails/react-15.5.4.self-09db373b361e44cd29f2e1ce37509c498a66a8e2faaa01b65dbc809d5db03dc2.js?body=1" for ::1 at 2018-03-09 09:07:56 -0600


Started GET "/assets/graphiql/rails/application.self-545c38b0922de19734fbffde62792c37c2aef6a3216cfa472449173165220f7d.js?body=1" for ::1 at 2018-03-09 09:07:56 -0600


Started POST "/graphql" for ::1 at 2018-03-09 09:07:57 -0600
Processing by GraphqlController#execute as */*
  Parameters: {"query"=>"\n  query IntrospectionQuery {\n    __schema {\n      queryType { name }\n      mutationType { name }\n      subscriptionType { name }\n      types {\n        ...FullType\n      }\n      directives {\n        name\n        description\n        locations\n        args {\n          ...InputValue\n        }\n      }\n    }\n  }\n\n  fragment FullType on __Type {\n    kind\n    name\n    description\n    fields(includeDeprecated: true) {\n      name\n      description\n      args {\n        ...InputValue\n      }\n      type {\n        ...TypeRef\n      }\n      isDeprecated\n      deprecationReason\n    }\n    inputFields {\n      ...InputValue\n    }\n    interfaces {\n      ...TypeRef\n    }\n    enumValues(includeDeprecated: true) {\n      name\n      description\n      isDeprecated\n      deprecationReason\n    }\n    possibleTypes {\n      ...TypeRef\n    }\n  }\n\n  fragment InputValue on __InputValue {\n    name\n    description\n    type { ...TypeRef }\n    defaultValue\n  }\n\n  fragment TypeRef on __Type {\n    kind\n    name\n    ofType {\n      kind\n      name\n      ofType {\n        kind\n        name\n        ofType {\n          kind\n          name\n          ofType {\n            kind\n            name\n            ofType {\n              kind\n              name\n              ofType {\n                kind\n                name\n                ofType {\n                  kind\n                  name\n                }\n              }\n            }\n          }\n        }\n      }\n    }\n  }\n", "graphql"=>{"query"=>"\n  query IntrospectionQuery {\n    __schema {\n      queryType { name }\n      mutationType { name }\n      subscriptionType { name }\n      types {\n        ...FullType\n      }\n      directives {\n        name\n        description\n        locations\n        args {\n          ...InputValue\n        }\n      }\n    }\n  }\n\n  fragment FullType on __Type {\n    kind\n    name\n    description\n    fields(includeDeprecated: true) {\n      name\n      description\n      args {\n        ...InputValue\n      }\n      type {\n        ...TypeRef\n      }\n      isDeprecated\n      deprecationReason\n    }\n    inputFields {\n      ...InputValue\n    }\n    interfaces {\n      ...TypeRef\n    }\n    enumValues(includeDeprecated: true) {\n      name\n      description\n      isDeprecated\n      deprecationReason\n    }\n    possibleTypes {\n      ...TypeRef\n    }\n  }\n\n  fragment InputValue on __InputValue {\n    name\n    description\n    type { ...TypeRef }\n    defaultValue\n  }\n\n  fragment TypeRef on __Type {\n    kind\n    name\n    ofType {\n      kind\n      name\n      ofType {\n        kind\n        name\n        ofType {\n          kind\n          name\n          ofType {\n            kind\n            name\n            ofType {\n              kind\n              name\n              ofType {\n                kind\n                name\n                ofType {\n                  kind\n                  name\n                }\n              }\n            }\n          }\n        }\n      }\n    }\n  }\n"}}
Completed 200 OK in 72ms (Views: 6.8ms | ActiveRecord: 0.0ms)
  [1m[36m (0.3ms)[0m  [1mBEGIN[0m
  [1m[35mSQL (0.5ms)[0m  INSERT INTO "articles" ("title", "body", "created_at", "updated_at") VALUES ($1, $2, $3, $4) RETURNING "id"  [["title", "Test article"], ["body", "This is the body of the article"], ["created_at", "2018-03-09 15:19:54.574222"], ["updated_at", "2018-03-09 15:19:54.574222"]]
  [1m[36m (0.8ms)[0m  [1mCOMMIT[0m
  [1m[35m (0.1ms)[0m  BEGIN
  [1m[36mSQL (0.8ms)[0m  [1mINSERT INTO "comments" ("article_id", "commenter", "body", "created_at", "updated_at") VALUES ($1, $2, $3, $4, $5) RETURNING "id"[0m  [["article_id", 1], ["commenter", "Tim Smith"], ["body", "This is a comment"], ["created_at", "2018-03-09 15:20:47.888641"], ["updated_at", "2018-03-09 15:20:47.888641"]]
  [1m[35m (1.0ms)[0m  COMMIT


Started POST "/graphql" for ::1 at 2018-03-09 09:22:03 -0600
  [1m[36mActiveRecord::SchemaMigration Load (0.3ms)[0m  [1mSELECT "schema_migrations".* FROM "schema_migrations"[0m
Processing by GraphqlController#execute as */*
  Parameters: {"query"=>"# Welcome to GraphiQL\n#\n# GraphiQL is an in-browser tool for writing, validating, and\n# testing GraphQL queries.\n#\n# Type queries into this side of the screen, and you will see intelligent\n# typeaheads aware of the current GraphQL type schema and live syntax and\n# validation errors highlighted within the text.\n#\n# GraphQL queries typically start with a \"{\" character. Lines that starts\n# with a # are ignored.\n#\n# An example GraphQL query might look like:\n#\n#     {\n#       field(arg: \"value\") {\n#         subField\n#       }\n#     }\n#\n# Keyboard shortcuts:\n#\n#       Run Query:  Ctrl-Enter (or press the play button above)\n#\n#   Auto Complete:  Ctrl-Space (or just start typing)\n#\nquery {\n  article(id: 1) {\n    title,\n    comments {\n      body\n    }\n  }\n}\n\n", "variables"=>nil, "graphql"=>{"query"=>"# Welcome to GraphiQL\n#\n# GraphiQL is an in-browser tool for writing, validating, and\n# testing GraphQL queries.\n#\n# Type queries into this side of the screen, and you will see intelligent\n# typeaheads aware of the current GraphQL type schema and live syntax and\n# validation errors highlighted within the text.\n#\n# GraphQL queries typically start with a \"{\" character. Lines that starts\n# with a # are ignored.\n#\n# An example GraphQL query might look like:\n#\n#     {\n#       field(arg: \"value\") {\n#         subField\n#       }\n#     }\n#\n# Keyboard shortcuts:\n#\n#       Run Query:  Ctrl-Enter (or press the play button above)\n#\n#   Auto Complete:  Ctrl-Space (or just start typing)\n#\nquery {\n  article(id: 1) {\n    title,\n    comments {\n      body\n    }\n  }\n}\n\n", "variables"=>nil}}
  [1m[35mArticle Load (0.4ms)[0m  SELECT  "articles".* FROM "articles" WHERE "articles"."id" = $1 LIMIT 1  [["id", 1]]
Completed 500 Internal Server Error in 39ms (ActiveRecord: 2.9ms)

NoMethodError (undefined method `comments' for #<Article:0x007fb2959d92d0>
Did you mean?  committed!):
  app/controllers/graphql_controller.rb:10:in `execute'


  Rendered /Users/nicholas.mueller/.rvm/gems/ruby-2.3.1@grphql-client/gems/actionpack-4.2.9/lib/action_dispatch/middleware/templates/rescues/_source.erb (5.7ms)
  Rendered /Users/nicholas.mueller/.rvm/gems/ruby-2.3.1@grphql-client/gems/actionpack-4.2.9/lib/action_dispatch/middleware/templates/rescues/_trace.html.erb (2.7ms)
  Rendered /Users/nicholas.mueller/.rvm/gems/ruby-2.3.1@grphql-client/gems/actionpack-4.2.9/lib/action_dispatch/middleware/templates/rescues/_request_and_response.html.erb (0.9ms)
  Rendered /Users/nicholas.mueller/.rvm/gems/ruby-2.3.1@grphql-client/gems/actionpack-4.2.9/lib/action_dispatch/middleware/templates/rescues/diagnostics.html.erb within rescues/layout (83.2ms)
  Rendered /Users/nicholas.mueller/.rvm/gems/ruby-2.3.1@grphql-client/gems/web-console-2.3.0/lib/web_console/templates/_markup.html.erb (0.4ms)
  Rendered /Users/nicholas.mueller/.rvm/gems/ruby-2.3.1@grphql-client/gems/web-console-2.3.0/lib/web_console/templates/_inner_console_markup.html.erb within layouts/inlined_string (0.3ms)
  Rendered /Users/nicholas.mueller/.rvm/gems/ruby-2.3.1@grphql-client/gems/web-console-2.3.0/lib/web_console/templates/_prompt_box_markup.html.erb within layouts/inlined_string (0.2ms)
  Rendered /Users/nicholas.mueller/.rvm/gems/ruby-2.3.1@grphql-client/gems/web-console-2.3.0/lib/web_console/templates/style.css.erb within layouts/inlined_string (0.3ms)
  Rendered /Users/nicholas.mueller/.rvm/gems/ruby-2.3.1@grphql-client/gems/web-console-2.3.0/lib/web_console/templates/console.js.erb within layouts/javascript (74.3ms)
  Rendered /Users/nicholas.mueller/.rvm/gems/ruby-2.3.1@grphql-client/gems/web-console-2.3.0/lib/web_console/templates/main.js.erb within layouts/javascript (0.3ms)
  Rendered /Users/nicholas.mueller/.rvm/gems/ruby-2.3.1@grphql-client/gems/web-console-2.3.0/lib/web_console/templates/error_page.js.erb within layouts/javascript (0.3ms)
  Rendered /Users/nicholas.mueller/.rvm/gems/ruby-2.3.1@grphql-client/gems/web-console-2.3.0/lib/web_console/templates/index.html.erb (167.3ms)


Started POST "/graphql" for ::1 at 2018-03-09 09:22:17 -0600
Processing by GraphqlController#execute as */*
  Parameters: {"query"=>"# Welcome to GraphiQL\n#\n# GraphiQL is an in-browser tool for writing, validating, and\n# testing GraphQL queries.\n#\n# Type queries into this side of the screen, and you will see intelligent\n# typeaheads aware of the current GraphQL type schema and live syntax and\n# validation errors highlighted within the text.\n#\n# GraphQL queries typically start with a \"{\" character. Lines that starts\n# with a # are ignored.\n#\n# An example GraphQL query might look like:\n#\n#     {\n#       field(arg: \"value\") {\n#         subField\n#       }\n#     }\n#\n# Keyboard shortcuts:\n#\n#       Run Query:  Ctrl-Enter (or press the play button above)\n#\n#   Auto Complete:  Ctrl-Space (or just start typing)\n#\nquery{\n  article(id: 1) {\n    title,\n    comments {\n      body\n    }\n  }\n}\n\n", "variables"=>nil, "graphql"=>{"query"=>"# Welcome to GraphiQL\n#\n# GraphiQL is an in-browser tool for writing, validating, and\n# testing GraphQL queries.\n#\n# Type queries into this side of the screen, and you will see intelligent\n# typeaheads aware of the current GraphQL type schema and live syntax and\n# validation errors highlighted within the text.\n#\n# GraphQL queries typically start with a \"{\" character. Lines that starts\n# with a # are ignored.\n#\n# An example GraphQL query might look like:\n#\n#     {\n#       field(arg: \"value\") {\n#         subField\n#       }\n#     }\n#\n# Keyboard shortcuts:\n#\n#       Run Query:  Ctrl-Enter (or press the play button above)\n#\n#   Auto Complete:  Ctrl-Space (or just start typing)\n#\nquery{\n  article(id: 1) {\n    title,\n    comments {\n      body\n    }\n  }\n}\n\n", "variables"=>nil}}
  [1m[36mArticle Load (0.3ms)[0m  [1mSELECT  "articles".* FROM "articles" WHERE "articles"."id" = $1 LIMIT 1[0m  [["id", 1]]
Completed 500 Internal Server Error in 7ms (ActiveRecord: 0.3ms)

NoMethodError (undefined method `comments' for #<Article:0x007fb295a242a8>
Did you mean?  committed!):
  app/controllers/graphql_controller.rb:10:in `execute'


  Rendered /Users/nicholas.mueller/.rvm/gems/ruby-2.3.1@grphql-client/gems/actionpack-4.2.9/lib/action_dispatch/middleware/templates/rescues/_source.erb (4.4ms)
  Rendered /Users/nicholas.mueller/.rvm/gems/ruby-2.3.1@grphql-client/gems/actionpack-4.2.9/lib/action_dispatch/middleware/templates/rescues/_trace.html.erb (2.6ms)
  Rendered /Users/nicholas.mueller/.rvm/gems/ruby-2.3.1@grphql-client/gems/actionpack-4.2.9/lib/action_dispatch/middleware/templates/rescues/_request_and_response.html.erb (0.9ms)
  Rendered /Users/nicholas.mueller/.rvm/gems/ruby-2.3.1@grphql-client/gems/actionpack-4.2.9/lib/action_dispatch/middleware/templates/rescues/diagnostics.html.erb within rescues/layout (79.9ms)
  Rendered /Users/nicholas.mueller/.rvm/gems/ruby-2.3.1@grphql-client/gems/web-console-2.3.0/lib/web_console/templates/_markup.html.erb (0.3ms)
  Rendered /Users/nicholas.mueller/.rvm/gems/ruby-2.3.1@grphql-client/gems/web-console-2.3.0/lib/web_console/templates/_inner_console_markup.html.erb within layouts/inlined_string (0.3ms)
  Rendered /Users/nicholas.mueller/.rvm/gems/ruby-2.3.1@grphql-client/gems/web-console-2.3.0/lib/web_console/templates/_prompt_box_markup.html.erb within layouts/inlined_string (0.3ms)
  Rendered /Users/nicholas.mueller/.rvm/gems/ruby-2.3.1@grphql-client/gems/web-console-2.3.0/lib/web_console/templates/style.css.erb within layouts/inlined_string (0.8ms)
  Rendered /Users/nicholas.mueller/.rvm/gems/ruby-2.3.1@grphql-client/gems/web-console-2.3.0/lib/web_console/templates/console.js.erb within layouts/javascript (64.6ms)
  Rendered /Users/nicholas.mueller/.rvm/gems/ruby-2.3.1@grphql-client/gems/web-console-2.3.0/lib/web_console/templates/main.js.erb within layouts/javascript (0.2ms)
  Rendered /Users/nicholas.mueller/.rvm/gems/ruby-2.3.1@grphql-client/gems/web-console-2.3.0/lib/web_console/templates/error_page.js.erb within layouts/javascript (0.3ms)
  Rendered /Users/nicholas.mueller/.rvm/gems/ruby-2.3.1@grphql-client/gems/web-console-2.3.0/lib/web_console/templates/index.html.erb (145.8ms)


Started POST "/graphql" for ::1 at 2018-03-09 09:22:56 -0600
  [1m[36mActiveRecord::SchemaMigration Load (0.4ms)[0m  [1mSELECT "schema_migrations".* FROM "schema_migrations"[0m
Processing by GraphqlController#execute as */*
  Parameters: {"query"=>"# Welcome to GraphiQL\n#\n# GraphiQL is an in-browser tool for writing, validating, and\n# testing GraphQL queries.\n#\n# Type queries into this side of the screen, and you will see intelligent\n# typeaheads aware of the current GraphQL type schema and live syntax and\n# validation errors highlighted within the text.\n#\n# GraphQL queries typically start with a \"{\" character. Lines that starts\n# with a # are ignored.\n#\n# An example GraphQL query might look like:\n#\n#     {\n#       field(arg: \"value\") {\n#         subField\n#       }\n#     }\n#\n# Keyboard shortcuts:\n#\n#       Run Query:  Ctrl-Enter (or press the play button above)\n#\n#   Auto Complete:  Ctrl-Space (or just start typing)\n#\nquery{\n  article(id: 1) {\n    title,\n    comments {\n      body\n    }\n  }\n}\n\n", "variables"=>nil, "graphql"=>{"query"=>"# Welcome to GraphiQL\n#\n# GraphiQL is an in-browser tool for writing, validating, and\n# testing GraphQL queries.\n#\n# Type queries into this side of the screen, and you will see intelligent\n# typeaheads aware of the current GraphQL type schema and live syntax and\n# validation errors highlighted within the text.\n#\n# GraphQL queries typically start with a \"{\" character. Lines that starts\n# with a # are ignored.\n#\n# An example GraphQL query might look like:\n#\n#     {\n#       field(arg: \"value\") {\n#         subField\n#       }\n#     }\n#\n# Keyboard shortcuts:\n#\n#       Run Query:  Ctrl-Enter (or press the play button above)\n#\n#   Auto Complete:  Ctrl-Space (or just start typing)\n#\nquery{\n  article(id: 1) {\n    title,\n    comments {\n      body\n    }\n  }\n}\n\n", "variables"=>nil}}
  [1m[35mArticle Load (0.3ms)[0m  SELECT  "articles".* FROM "articles" WHERE "articles"."id" = $1 LIMIT 1  [["id", 1]]
  [1m[36mComment Load (0.3ms)[0m  [1mSELECT "comments".* FROM "comments" WHERE "comments"."article_id" = $1[0m  [["article_id", 1]]
Completed 200 OK in 54ms (Views: 0.3ms | ActiveRecord: 4.2ms)


Started GET "/" for ::1 at 2018-03-09 13:28:55 -0600
  [1m[36mActiveRecord::SchemaMigration Load (0.3ms)[0m  [1mSELECT "schema_migrations".* FROM "schema_migrations"[0m
Processing by Rails::WelcomeController#index as HTML
  Rendered /Users/nicholas.mueller/.rvm/gems/ruby-2.3.1@grphql-client/gems/railties-4.2.9/lib/rails/templates/rails/welcome/index.html.erb (1.4ms)
Completed 200 OK in 18ms (Views: 9.5ms | ActiveRecord: 0.0ms)


Started GET "/graphiql" for ::1 at 2018-03-09 13:29:05 -0600
Processing by GraphiQL::Rails::EditorsController#show as HTML
  Parameters: {"graphql_path"=>"/graphql"}
  Rendered /Users/nicholas.mueller/.rvm/gems/ruby-2.3.1@grphql-client/gems/graphiql-rails-1.4.2/app/views/graphiql/rails/editors/show.html.erb (988.5ms)
Completed 200 OK in 1000ms (Views: 999.7ms | ActiveRecord: 0.0ms)


Started GET "/assets/graphiql/rails/application.self-2c9bc09a5afbacf648b10c838cd420bd95f808b6f0f767ab0ed944eb97b5ed5d.css?body=1" for ::1 at 2018-03-09 13:29:06 -0600


Started GET "/assets/graphiql/rails/graphiql-0.10.2.self-502bc904003888f1c83f4754793ea7aea5f32e081ed553bc653854fa90470d47.css?body=1" for ::1 at 2018-03-09 13:29:06 -0600


Started GET "/assets/graphiql/rails/application.self-545c38b0922de19734fbffde62792c37c2aef6a3216cfa472449173165220f7d.js?body=1" for ::1 at 2018-03-09 13:29:06 -0600


Started POST "/graphql" for ::1 at 2018-03-09 13:29:06 -0600
Processing by GraphqlController#execute as */*
  Parameters: {"query"=>"\n  query IntrospectionQuery {\n    __schema {\n      queryType { name }\n      mutationType { name }\n      subscriptionType { name }\n      types {\n        ...FullType\n      }\n      directives {\n        name\n        description\n        locations\n        args {\n          ...InputValue\n        }\n      }\n    }\n  }\n\n  fragment FullType on __Type {\n    kind\n    name\n    description\n    fields(includeDeprecated: true) {\n      name\n      description\n      args {\n        ...InputValue\n      }\n      type {\n        ...TypeRef\n      }\n      isDeprecated\n      deprecationReason\n    }\n    inputFields {\n      ...InputValue\n    }\n    interfaces {\n      ...TypeRef\n    }\n    enumValues(includeDeprecated: true) {\n      name\n      description\n      isDeprecated\n      deprecationReason\n    }\n    possibleTypes {\n      ...TypeRef\n    }\n  }\n\n  fragment InputValue on __InputValue {\n    name\n    description\n    type { ...TypeRef }\n    defaultValue\n  }\n\n  fragment TypeRef on __Type {\n    kind\n    name\n    ofType {\n      kind\n      name\n      ofType {\n        kind\n        name\n        ofType {\n          kind\n          name\n          ofType {\n            kind\n            name\n            ofType {\n              kind\n              name\n              ofType {\n                kind\n                name\n                ofType {\n                  kind\n                  name\n                }\n              }\n            }\n          }\n        }\n      }\n    }\n  }\n", "graphql"=>{"query"=>"\n  query IntrospectionQuery {\n    __schema {\n      queryType { name }\n      mutationType { name }\n      subscriptionType { name }\n      types {\n        ...FullType\n      }\n      directives {\n        name\n        description\n        locations\n        args {\n          ...InputValue\n        }\n      }\n    }\n  }\n\n  fragment FullType on __Type {\n    kind\n    name\n    description\n    fields(includeDeprecated: true) {\n      name\n      description\n      args {\n        ...InputValue\n      }\n      type {\n        ...TypeRef\n      }\n      isDeprecated\n      deprecationReason\n    }\n    inputFields {\n      ...InputValue\n    }\n    interfaces {\n      ...TypeRef\n    }\n    enumValues(includeDeprecated: true) {\n      name\n      description\n      isDeprecated\n      deprecationReason\n    }\n    possibleTypes {\n      ...TypeRef\n    }\n  }\n\n  fragment InputValue on __InputValue {\n    name\n    description\n    type { ...TypeRef }\n    defaultValue\n  }\n\n  fragment TypeRef on __Type {\n    kind\n    name\n    ofType {\n      kind\n      name\n      ofType {\n        kind\n        name\n        ofType {\n          kind\n          name\n          ofType {\n            kind\n            name\n            ofType {\n              kind\n              name\n              ofType {\n                kind\n                name\n                ofType {\n                  kind\n                  name\n                }\n              }\n            }\n          }\n        }\n      }\n    }\n  }\n"}}
Completed 200 OK in 88ms (Views: 17.8ms | ActiveRecord: 0.0ms)


Started GET "/" for ::1 at 2018-03-11 19:23:21 -0500
  [1m[36mActiveRecord::SchemaMigration Load (6.2ms)[0m  [1mSELECT "schema_migrations".* FROM "schema_migrations"[0m
Processing by Rails::WelcomeController#index as HTML
  Rendered /Users/nicholas.mueller/.rvm/gems/ruby-2.3.1@grphql-client/gems/railties-4.2.9/lib/rails/templates/rails/welcome/index.html.erb (1.5ms)
Completed 200 OK in 20ms (Views: 11.6ms | ActiveRecord: 0.0ms)


Started GET "/" for ::1 at 2018-03-12 06:56:28 -0500
  [1m[36mActiveRecord::SchemaMigration Load (6.2ms)[0m  [1mSELECT "schema_migrations".* FROM "schema_migrations"[0m
Processing by Rails::WelcomeController#index as HTML
  Rendered /Users/nicholas.mueller/.rvm/gems/ruby-2.3.1@grphql-client/gems/railties-4.2.9/lib/rails/templates/rails/welcome/index.html.erb (1.8ms)
Completed 200 OK in 22ms (Views: 11.9ms | ActiveRecord: 0.0ms)


Started GET "/ferb" for ::1 at 2018-03-12 06:56:49 -0500

ActionController::RoutingError (No route matches [GET] "/ferb"):
  actionpack (4.2.9) lib/action_dispatch/middleware/debug_exceptions.rb:21:in `call'
  web-console (2.3.0) lib/web_console/middleware.rb:28:in `block in call'
  web-console (2.3.0) lib/web_console/middleware.rb:18:in `catch'
  web-console (2.3.0) lib/web_console/middleware.rb:18:in `call'
  actionpack (4.2.9) lib/action_dispatch/middleware/show_exceptions.rb:30:in `call'
  railties (4.2.9) lib/rails/rack/logger.rb:38:in `call_app'
  railties (4.2.9) lib/rails/rack/logger.rb:20:in `block in call'
  activesupport (4.2.9) lib/active_support/tagged_logging.rb:68:in `block in tagged'
  activesupport (4.2.9) lib/active_support/tagged_logging.rb:26:in `tagged'
  activesupport (4.2.9) lib/active_support/tagged_logging.rb:68:in `tagged'
  railties (4.2.9) lib/rails/rack/logger.rb:20:in `call'
  actionpack (4.2.9) lib/action_dispatch/middleware/request_id.rb:21:in `call'
  rack (1.6.9) lib/rack/methodoverride.rb:22:in `call'
  rack (1.6.9) lib/rack/runtime.rb:18:in `call'
  activesupport (4.2.9) lib/active_support/cache/strategy/local_cache_middleware.rb:28:in `call'
  rack (1.6.9) lib/rack/lock.rb:17:in `call'
  actionpack (4.2.9) lib/action_dispatch/middleware/static.rb:120:in `call'
  rack (1.6.9) lib/rack/sendfile.rb:113:in `call'
  railties (4.2.9) lib/rails/engine.rb:518:in `call'
  railties (4.2.9) lib/rails/application.rb:165:in `call'
  rack (1.6.9) lib/rack/lock.rb:17:in `call'
  rack (1.6.9) lib/rack/content_length.rb:15:in `call'
  rack (1.6.9) lib/rack/handler/webrick.rb:88:in `service'
  /Users/nicholas.mueller/.rvm/rubies/ruby-2.3.1/lib/ruby/2.3.0/webrick/httpserver.rb:140:in `service'
  /Users/nicholas.mueller/.rvm/rubies/ruby-2.3.1/lib/ruby/2.3.0/webrick/httpserver.rb:96:in `run'
  /Users/nicholas.mueller/.rvm/rubies/ruby-2.3.1/lib/ruby/2.3.0/webrick/server.rb:296:in `block in start_thread'


  Rendered /Users/nicholas.mueller/.rvm/gems/ruby-2.3.1@grphql-client/gems/actionpack-4.2.9/lib/action_dispatch/middleware/templates/rescues/_trace.html.erb (1.2ms)
  Rendered /Users/nicholas.mueller/.rvm/gems/ruby-2.3.1@grphql-client/gems/actionpack-4.2.9/lib/action_dispatch/middleware/templates/routes/_route.html.erb (0.8ms)
  Rendered /Users/nicholas.mueller/.rvm/gems/ruby-2.3.1@grphql-client/gems/actionpack-4.2.9/lib/action_dispatch/middleware/templates/routes/_route.html.erb (0.1ms)
  Rendered /Users/nicholas.mueller/.rvm/gems/ruby-2.3.1@grphql-client/gems/actionpack-4.2.9/lib/action_dispatch/middleware/templates/routes/_table.html.erb (7.6ms)
  Rendered /Users/nicholas.mueller/.rvm/gems/ruby-2.3.1@grphql-client/gems/actionpack-4.2.9/lib/action_dispatch/middleware/templates/rescues/_request_and_response.html.erb (1.0ms)
  Rendered /Users/nicholas.mueller/.rvm/gems/ruby-2.3.1@grphql-client/gems/actionpack-4.2.9/lib/action_dispatch/middleware/templates/rescues/routing_error.html.erb within rescues/layout (133.1ms)
  Rendered /Users/nicholas.mueller/.rvm/gems/ruby-2.3.1@grphql-client/gems/web-console-2.3.0/lib/web_console/templates/_markup.html.erb (0.4ms)
  Rendered /Users/nicholas.mueller/.rvm/gems/ruby-2.3.1@grphql-client/gems/web-console-2.3.0/lib/web_console/templates/_inner_console_markup.html.erb within layouts/inlined_string (0.3ms)
  Rendered /Users/nicholas.mueller/.rvm/gems/ruby-2.3.1@grphql-client/gems/web-console-2.3.0/lib/web_console/templates/_prompt_box_markup.html.erb within layouts/inlined_string (0.3ms)
  Rendered /Users/nicholas.mueller/.rvm/gems/ruby-2.3.1@grphql-client/gems/web-console-2.3.0/lib/web_console/templates/style.css.erb within layouts/inlined_string (0.4ms)
  Rendered /Users/nicholas.mueller/.rvm/gems/ruby-2.3.1@grphql-client/gems/web-console-2.3.0/lib/web_console/templates/console.js.erb within layouts/javascript (77.0ms)
  Rendered /Users/nicholas.mueller/.rvm/gems/ruby-2.3.1@grphql-client/gems/web-console-2.3.0/lib/web_console/templates/main.js.erb within layouts/javascript (0.3ms)
  Rendered /Users/nicholas.mueller/.rvm/gems/ruby-2.3.1@grphql-client/gems/web-console-2.3.0/lib/web_console/templates/error_page.js.erb within layouts/javascript (0.4ms)
  Rendered /Users/nicholas.mueller/.rvm/gems/ruby-2.3.1@grphql-client/gems/web-console-2.3.0/lib/web_console/templates/index.html.erb (164.7ms)


Started GET "/" for ::1 at 2018-03-12 07:12:35 -0500
Processing by Rails::WelcomeController#index as HTML
  Rendered /Users/nicholas.mueller/.rvm/gems/ruby-2.3.1@grphql-client/gems/railties-4.2.9/lib/rails/templates/rails/welcome/index.html.erb (0.0ms)
Completed 200 OK in 2ms (Views: 2.3ms | ActiveRecord: 0.0ms)


Started GET "/ferb" for ::1 at 2018-03-12 07:12:40 -0500

ActionController::RoutingError (No route matches [GET] "/ferb"):
  actionpack (4.2.9) lib/action_dispatch/middleware/debug_exceptions.rb:21:in `call'
  web-console (2.3.0) lib/web_console/middleware.rb:28:in `block in call'
  web-console (2.3.0) lib/web_console/middleware.rb:18:in `catch'
  web-console (2.3.0) lib/web_console/middleware.rb:18:in `call'
  actionpack (4.2.9) lib/action_dispatch/middleware/show_exceptions.rb:30:in `call'
  railties (4.2.9) lib/rails/rack/logger.rb:38:in `call_app'
  railties (4.2.9) lib/rails/rack/logger.rb:20:in `block in call'
  activesupport (4.2.9) lib/active_support/tagged_logging.rb:68:in `block in tagged'
  activesupport (4.2.9) lib/active_support/tagged_logging.rb:26:in `tagged'
  activesupport (4.2.9) lib/active_support/tagged_logging.rb:68:in `tagged'
  railties (4.2.9) lib/rails/rack/logger.rb:20:in `call'
  actionpack (4.2.9) lib/action_dispatch/middleware/request_id.rb:21:in `call'
  rack (1.6.9) lib/rack/methodoverride.rb:22:in `call'
  rack (1.6.9) lib/rack/runtime.rb:18:in `call'
  activesupport (4.2.9) lib/active_support/cache/strategy/local_cache_middleware.rb:28:in `call'
  rack (1.6.9) lib/rack/lock.rb:17:in `call'
  actionpack (4.2.9) lib/action_dispatch/middleware/static.rb:120:in `call'
  rack (1.6.9) lib/rack/sendfile.rb:113:in `call'
  railties (4.2.9) lib/rails/engine.rb:518:in `call'
  railties (4.2.9) lib/rails/application.rb:165:in `call'
  rack (1.6.9) lib/rack/lock.rb:17:in `call'
  rack (1.6.9) lib/rack/content_length.rb:15:in `call'
  rack (1.6.9) lib/rack/handler/webrick.rb:88:in `service'
  /Users/nicholas.mueller/.rvm/rubies/ruby-2.3.1/lib/ruby/2.3.0/webrick/httpserver.rb:140:in `service'
  /Users/nicholas.mueller/.rvm/rubies/ruby-2.3.1/lib/ruby/2.3.0/webrick/httpserver.rb:96:in `run'
  /Users/nicholas.mueller/.rvm/rubies/ruby-2.3.1/lib/ruby/2.3.0/webrick/server.rb:296:in `block in start_thread'


  Rendered /Users/nicholas.mueller/.rvm/gems/ruby-2.3.1@grphql-client/gems/actionpack-4.2.9/lib/action_dispatch/middleware/templates/rescues/_trace.html.erb (1.1ms)
  Rendered /Users/nicholas.mueller/.rvm/gems/ruby-2.3.1@grphql-client/gems/actionpack-4.2.9/lib/action_dispatch/middleware/templates/routes/_route.html.erb (0.6ms)
  Rendered /Users/nicholas.mueller/.rvm/gems/ruby-2.3.1@grphql-client/gems/actionpack-4.2.9/lib/action_dispatch/middleware/templates/routes/_route.html.erb (0.1ms)
  Rendered /Users/nicholas.mueller/.rvm/gems/ruby-2.3.1@grphql-client/gems/actionpack-4.2.9/lib/action_dispatch/middleware/templates/routes/_table.html.erb (1.0ms)
  Rendered /Users/nicholas.mueller/.rvm/gems/ruby-2.3.1@grphql-client/gems/actionpack-4.2.9/lib/action_dispatch/middleware/templates/rescues/_request_and_response.html.erb (0.9ms)
  Rendered /Users/nicholas.mueller/.rvm/gems/ruby-2.3.1@grphql-client/gems/actionpack-4.2.9/lib/action_dispatch/middleware/templates/rescues/routing_error.html.erb within rescues/layout (116.0ms)
  Rendered /Users/nicholas.mueller/.rvm/gems/ruby-2.3.1@grphql-client/gems/web-console-2.3.0/lib/web_console/templates/_markup.html.erb (0.5ms)
  Rendered /Users/nicholas.mueller/.rvm/gems/ruby-2.3.1@grphql-client/gems/web-console-2.3.0/lib/web_console/templates/_inner_console_markup.html.erb within layouts/inlined_string (0.2ms)
  Rendered /Users/nicholas.mueller/.rvm/gems/ruby-2.3.1@grphql-client/gems/web-console-2.3.0/lib/web_console/templates/_prompt_box_markup.html.erb within layouts/inlined_string (0.3ms)
  Rendered /Users/nicholas.mueller/.rvm/gems/ruby-2.3.1@grphql-client/gems/web-console-2.3.0/lib/web_console/templates/style.css.erb within layouts/inlined_string (0.3ms)
  Rendered /Users/nicholas.mueller/.rvm/gems/ruby-2.3.1@grphql-client/gems/web-console-2.3.0/lib/web_console/templates/console.js.erb within layouts/javascript (63.0ms)
  Rendered /Users/nicholas.mueller/.rvm/gems/ruby-2.3.1@grphql-client/gems/web-console-2.3.0/lib/web_console/templates/main.js.erb within layouts/javascript (0.2ms)
  Rendered /Users/nicholas.mueller/.rvm/gems/ruby-2.3.1@grphql-client/gems/web-console-2.3.0/lib/web_console/templates/error_page.js.erb within layouts/javascript (0.3ms)
  Rendered /Users/nicholas.mueller/.rvm/gems/ruby-2.3.1@grphql-client/gems/web-console-2.3.0/lib/web_console/templates/index.html.erb (144.2ms)


Started GET "/" for ::1 at 2018-03-12 08:04:56 -0500
  [1m[36mActiveRecord::SchemaMigration Load (0.5ms)[0m  [1mSELECT "schema_migrations".* FROM "schema_migrations"[0m
Processing by Rails::WelcomeController#index as HTML
  Rendered /Users/nicholas.mueller/.rvm/gems/ruby-2.3.1@graphql-client/gems/railties-4.2.9/lib/rails/templates/rails/welcome/index.html.erb (2.0ms)
Completed 200 OK in 20ms (Views: 12.2ms | ActiveRecord: 0.0ms)


Started GET "/" for ::1 at 2018-03-12 08:05:15 -0500
Processing by Rails::WelcomeController#index as HTML
  Rendered /Users/nicholas.mueller/.rvm/gems/ruby-2.3.1@graphql-client/gems/railties-4.2.9/lib/rails/templates/rails/welcome/index.html.erb (0.0ms)
Completed 200 OK in 4ms (Views: 3.4ms | ActiveRecord: 0.0ms)


Started GET "/" for ::1 at 2018-03-12 08:07:40 -0500
Processing by PagesController#index as HTML
  Rendered pages/index.html.erb within layouts/application (0.2ms)
Completed 200 OK in 873ms (Views: 872.4ms | ActiveRecord: 0.0ms)


Started GET "/assets/application.self-e80e8f2318043e8af94dddc2adad5a4f09739a8ebb323b3ab31cd71d45fd9113.css?body=1" for ::1 at 2018-03-12 08:07:41 -0500


Started GET "/assets/jquery.self-bd7ddd393353a8d2480a622e80342adf488fb6006d667e8b42e4c0073393abee.js?body=1" for ::1 at 2018-03-12 08:07:41 -0500


Started GET "/assets/jquery_ujs.self-784a997f6726036b1993eb2217c9cb558e1cbb801c6da88105588c56f13b466a.js?body=1" for ::1 at 2018-03-12 08:07:41 -0500


Started GET "/assets/turbolinks.self-2db6ec539b9190f75e1d477b305df53d12904d5cafdd47c7ffd91ba25cbec128.js?body=1" for ::1 at 2018-03-12 08:07:41 -0500


Started GET "/assets/main.bundle.self-788b1427ec66072ef2b3283a5be6893f7a300ef93a52d492bf325a65a75242d9.js?body=1" for ::1 at 2018-03-12 08:07:41 -0500


Started GET "/assets/js-routes.self-920fd00e6d5778a2aff018e42cdb6bee7fbf06ec9464968c5868c595f79f733e.js?body=1" for ::1 at 2018-03-12 08:07:41 -0500


Started GET "/assets/js_routes.self-183341ad4884cfa2a8905ba0a58b4c44bfec016a113d9c95e7dc1f3594c783e6.js?body=1" for ::1 at 2018-03-12 08:07:41 -0500


Started GET "/assets/routes.self-183341ad4884cfa2a8905ba0a58b4c44bfec016a113d9c95e7dc1f3594c783e6.js?body=1" for ::1 at 2018-03-12 08:07:41 -0500


Started GET "/assets/application.self-7862a8a8b42407b4741a1adeeea35f0d13ddc4f702ec532adb0674491d296495.js?body=1" for ::1 at 2018-03-12 08:07:41 -0500


Started GET "/ferb" for ::1 at 2018-03-12 08:10:00 -0500

ActionController::RoutingError (No route matches [GET] "/ferb"):
  actionpack (4.2.9) lib/action_dispatch/middleware/debug_exceptions.rb:21:in `call'
  web-console (2.3.0) lib/web_console/middleware.rb:28:in `block in call'
  web-console (2.3.0) lib/web_console/middleware.rb:18:in `catch'
  web-console (2.3.0) lib/web_console/middleware.rb:18:in `call'
  actionpack (4.2.9) lib/action_dispatch/middleware/show_exceptions.rb:30:in `call'
  railties (4.2.9) lib/rails/rack/logger.rb:38:in `call_app'
  railties (4.2.9) lib/rails/rack/logger.rb:20:in `block in call'
  activesupport (4.2.9) lib/active_support/tagged_logging.rb:68:in `block in tagged'
  activesupport (4.2.9) lib/active_support/tagged_logging.rb:26:in `tagged'
  activesupport (4.2.9) lib/active_support/tagged_logging.rb:68:in `tagged'
  railties (4.2.9) lib/rails/rack/logger.rb:20:in `call'
  actionpack (4.2.9) lib/action_dispatch/middleware/request_id.rb:21:in `call'
  rack (1.6.9) lib/rack/methodoverride.rb:22:in `call'
  rack (1.6.9) lib/rack/runtime.rb:18:in `call'
  activesupport (4.2.9) lib/active_support/cache/strategy/local_cache_middleware.rb:28:in `call'
  rack (1.6.9) lib/rack/lock.rb:17:in `call'
  actionpack (4.2.9) lib/action_dispatch/middleware/static.rb:120:in `call'
  rack (1.6.9) lib/rack/sendfile.rb:113:in `call'
  railties (4.2.9) lib/rails/engine.rb:518:in `call'
  railties (4.2.9) lib/rails/application.rb:165:in `call'
  rack (1.6.9) lib/rack/lock.rb:17:in `call'
  rack (1.6.9) lib/rack/content_length.rb:15:in `call'
  rack (1.6.9) lib/rack/handler/webrick.rb:88:in `service'
  /Users/nicholas.mueller/.rvm/rubies/ruby-2.3.1/lib/ruby/2.3.0/webrick/httpserver.rb:140:in `service'
  /Users/nicholas.mueller/.rvm/rubies/ruby-2.3.1/lib/ruby/2.3.0/webrick/httpserver.rb:96:in `run'
  /Users/nicholas.mueller/.rvm/rubies/ruby-2.3.1/lib/ruby/2.3.0/webrick/server.rb:296:in `block in start_thread'


  Rendered /Users/nicholas.mueller/.rvm/gems/ruby-2.3.1@graphql-client/gems/actionpack-4.2.9/lib/action_dispatch/middleware/templates/rescues/_trace.html.erb (3.6ms)
  Rendered /Users/nicholas.mueller/.rvm/gems/ruby-2.3.1@graphql-client/gems/actionpack-4.2.9/lib/action_dispatch/middleware/templates/routes/_route.html.erb (2.8ms)
  Rendered /Users/nicholas.mueller/.rvm/gems/ruby-2.3.1@graphql-client/gems/actionpack-4.2.9/lib/action_dispatch/middleware/templates/routes/_route.html.erb (0.1ms)
  Rendered /Users/nicholas.mueller/.rvm/gems/ruby-2.3.1@graphql-client/gems/actionpack-4.2.9/lib/action_dispatch/middleware/templates/routes/_table.html.erb (12.5ms)
  Rendered /Users/nicholas.mueller/.rvm/gems/ruby-2.3.1@graphql-client/gems/actionpack-4.2.9/lib/action_dispatch/middleware/templates/rescues/_request_and_response.html.erb (2.0ms)
  Rendered /Users/nicholas.mueller/.rvm/gems/ruby-2.3.1@graphql-client/gems/actionpack-4.2.9/lib/action_dispatch/middleware/templates/rescues/routing_error.html.erb within rescues/layout (151.7ms)
  Rendered /Users/nicholas.mueller/.rvm/gems/ruby-2.3.1@graphql-client/gems/web-console-2.3.0/lib/web_console/templates/_markup.html.erb (0.4ms)
  Rendered /Users/nicholas.mueller/.rvm/gems/ruby-2.3.1@graphql-client/gems/web-console-2.3.0/lib/web_console/templates/_inner_console_markup.html.erb within layouts/inlined_string (0.3ms)
  Rendered /Users/nicholas.mueller/.rvm/gems/ruby-2.3.1@graphql-client/gems/web-console-2.3.0/lib/web_console/templates/_prompt_box_markup.html.erb within layouts/inlined_string (0.3ms)
  Rendered /Users/nicholas.mueller/.rvm/gems/ruby-2.3.1@graphql-client/gems/web-console-2.3.0/lib/web_console/templates/style.css.erb within layouts/inlined_string (0.5ms)
  Rendered /Users/nicholas.mueller/.rvm/gems/ruby-2.3.1@graphql-client/gems/web-console-2.3.0/lib/web_console/templates/console.js.erb within layouts/javascript (78.6ms)
  Rendered /Users/nicholas.mueller/.rvm/gems/ruby-2.3.1@graphql-client/gems/web-console-2.3.0/lib/web_console/templates/main.js.erb within layouts/javascript (0.4ms)
  Rendered /Users/nicholas.mueller/.rvm/gems/ruby-2.3.1@graphql-client/gems/web-console-2.3.0/lib/web_console/templates/error_page.js.erb within layouts/javascript (0.3ms)
  Rendered /Users/nicholas.mueller/.rvm/gems/ruby-2.3.1@graphql-client/gems/web-console-2.3.0/lib/web_console/templates/index.html.erb (175.4ms)


Started GET "/login" for 127.0.0.1 at 2018-03-12 08:13:37 -0500

ActionController::RoutingError (No route matches [GET] "/login"):
  actionpack (4.2.9) lib/action_dispatch/middleware/debug_exceptions.rb:21:in `call'
  web-console (2.3.0) lib/web_console/middleware.rb:28:in `block in call'
  web-console (2.3.0) lib/web_console/middleware.rb:18:in `catch'
  web-console (2.3.0) lib/web_console/middleware.rb:18:in `call'
  actionpack (4.2.9) lib/action_dispatch/middleware/show_exceptions.rb:30:in `call'
  railties (4.2.9) lib/rails/rack/logger.rb:38:in `call_app'
  railties (4.2.9) lib/rails/rack/logger.rb:20:in `block in call'
  activesupport (4.2.9) lib/active_support/tagged_logging.rb:68:in `block in tagged'
  activesupport (4.2.9) lib/active_support/tagged_logging.rb:26:in `tagged'
  activesupport (4.2.9) lib/active_support/tagged_logging.rb:68:in `tagged'
  railties (4.2.9) lib/rails/rack/logger.rb:20:in `call'
  actionpack (4.2.9) lib/action_dispatch/middleware/request_id.rb:21:in `call'
  rack (1.6.9) lib/rack/methodoverride.rb:22:in `call'
  rack (1.6.9) lib/rack/runtime.rb:18:in `call'
  activesupport (4.2.9) lib/active_support/cache/strategy/local_cache_middleware.rb:28:in `call'
  rack (1.6.9) lib/rack/lock.rb:17:in `call'
  actionpack (4.2.9) lib/action_dispatch/middleware/static.rb:120:in `call'
  rack (1.6.9) lib/rack/sendfile.rb:113:in `call'
  railties (4.2.9) lib/rails/engine.rb:518:in `call'
  railties (4.2.9) lib/rails/application.rb:165:in `call'
  rack (1.6.9) lib/rack/lock.rb:17:in `call'
  rack (1.6.9) lib/rack/content_length.rb:15:in `call'
  rack (1.6.9) lib/rack/handler/webrick.rb:88:in `service'
  /Users/nicholas.mueller/.rvm/rubies/ruby-2.3.1/lib/ruby/2.3.0/webrick/httpserver.rb:140:in `service'
  /Users/nicholas.mueller/.rvm/rubies/ruby-2.3.1/lib/ruby/2.3.0/webrick/httpserver.rb:96:in `run'
  /Users/nicholas.mueller/.rvm/rubies/ruby-2.3.1/lib/ruby/2.3.0/webrick/server.rb:296:in `block in start_thread'


  Rendered /Users/nicholas.mueller/.rvm/gems/ruby-2.3.1@graphql-client/gems/actionpack-4.2.9/lib/action_dispatch/middleware/templates/rescues/_trace.html.erb (1.1ms)
  Rendered /Users/nicholas.mueller/.rvm/gems/ruby-2.3.1@graphql-client/gems/actionpack-4.2.9/lib/action_dispatch/middleware/templates/routes/_route.html.erb (0.7ms)
  Rendered /Users/nicholas.mueller/.rvm/gems/ruby-2.3.1@graphql-client/gems/actionpack-4.2.9/lib/action_dispatch/middleware/templates/routes/_route.html.erb (0.1ms)
  Rendered /Users/nicholas.mueller/.rvm/gems/ruby-2.3.1@graphql-client/gems/actionpack-4.2.9/lib/action_dispatch/middleware/templates/routes/_table.html.erb (1.1ms)
  Rendered /Users/nicholas.mueller/.rvm/gems/ruby-2.3.1@graphql-client/gems/actionpack-4.2.9/lib/action_dispatch/middleware/templates/rescues/_request_and_response.html.erb (1.0ms)
  Rendered /Users/nicholas.mueller/.rvm/gems/ruby-2.3.1@graphql-client/gems/actionpack-4.2.9/lib/action_dispatch/middleware/templates/rescues/routing_error.html.erb within rescues/layout (122.7ms)
  Rendered /Users/nicholas.mueller/.rvm/gems/ruby-2.3.1@graphql-client/gems/web-console-2.3.0/lib/web_console/templates/_markup.html.erb (0.4ms)
  Rendered /Users/nicholas.mueller/.rvm/gems/ruby-2.3.1@graphql-client/gems/web-console-2.3.0/lib/web_console/templates/_inner_console_markup.html.erb within layouts/inlined_string (0.3ms)
  Rendered /Users/nicholas.mueller/.rvm/gems/ruby-2.3.1@graphql-client/gems/web-console-2.3.0/lib/web_console/templates/_prompt_box_markup.html.erb within layouts/inlined_string (0.3ms)
  Rendered /Users/nicholas.mueller/.rvm/gems/ruby-2.3.1@graphql-client/gems/web-console-2.3.0/lib/web_console/templates/style.css.erb within layouts/inlined_string (0.4ms)
  Rendered /Users/nicholas.mueller/.rvm/gems/ruby-2.3.1@graphql-client/gems/web-console-2.3.0/lib/web_console/templates/console.js.erb within layouts/javascript (67.1ms)
  Rendered /Users/nicholas.mueller/.rvm/gems/ruby-2.3.1@graphql-client/gems/web-console-2.3.0/lib/web_console/templates/main.js.erb within layouts/javascript (0.3ms)
  Rendered /Users/nicholas.mueller/.rvm/gems/ruby-2.3.1@graphql-client/gems/web-console-2.3.0/lib/web_console/templates/error_page.js.erb within layouts/javascript (0.5ms)
  Rendered /Users/nicholas.mueller/.rvm/gems/ruby-2.3.1@graphql-client/gems/web-console-2.3.0/lib/web_console/templates/index.html.erb (154.0ms)


Started GET "/login" for 127.0.0.1 at 2018-03-12 08:13:42 -0500

ActionController::RoutingError (No route matches [GET] "/login"):
  actionpack (4.2.9) lib/action_dispatch/middleware/debug_exceptions.rb:21:in `call'
  web-console (2.3.0) lib/web_console/middleware.rb:28:in `block in call'
  web-console (2.3.0) lib/web_console/middleware.rb:18:in `catch'
  web-console (2.3.0) lib/web_console/middleware.rb:18:in `call'
  actionpack (4.2.9) lib/action_dispatch/middleware/show_exceptions.rb:30:in `call'
  railties (4.2.9) lib/rails/rack/logger.rb:38:in `call_app'
  railties (4.2.9) lib/rails/rack/logger.rb:20:in `block in call'
  activesupport (4.2.9) lib/active_support/tagged_logging.rb:68:in `block in tagged'
  activesupport (4.2.9) lib/active_support/tagged_logging.rb:26:in `tagged'
  activesupport (4.2.9) lib/active_support/tagged_logging.rb:68:in `tagged'
  railties (4.2.9) lib/rails/rack/logger.rb:20:in `call'
  actionpack (4.2.9) lib/action_dispatch/middleware/request_id.rb:21:in `call'
  rack (1.6.9) lib/rack/methodoverride.rb:22:in `call'
  rack (1.6.9) lib/rack/runtime.rb:18:in `call'
  activesupport (4.2.9) lib/active_support/cache/strategy/local_cache_middleware.rb:28:in `call'
  rack (1.6.9) lib/rack/lock.rb:17:in `call'
  actionpack (4.2.9) lib/action_dispatch/middleware/static.rb:120:in `call'
  rack (1.6.9) lib/rack/sendfile.rb:113:in `call'
  railties (4.2.9) lib/rails/engine.rb:518:in `call'
  railties (4.2.9) lib/rails/application.rb:165:in `call'
  rack (1.6.9) lib/rack/lock.rb:17:in `call'
  rack (1.6.9) lib/rack/content_length.rb:15:in `call'
  rack (1.6.9) lib/rack/handler/webrick.rb:88:in `service'
  /Users/nicholas.mueller/.rvm/rubies/ruby-2.3.1/lib/ruby/2.3.0/webrick/httpserver.rb:140:in `service'
  /Users/nicholas.mueller/.rvm/rubies/ruby-2.3.1/lib/ruby/2.3.0/webrick/httpserver.rb:96:in `run'
  /Users/nicholas.mueller/.rvm/rubies/ruby-2.3.1/lib/ruby/2.3.0/webrick/server.rb:296:in `block in start_thread'


  Rendered /Users/nicholas.mueller/.rvm/gems/ruby-2.3.1@graphql-client/gems/actionpack-4.2.9/lib/action_dispatch/middleware/templates/rescues/_trace.html.erb (1.0ms)
  Rendered /Users/nicholas.mueller/.rvm/gems/ruby-2.3.1@graphql-client/gems/actionpack-4.2.9/lib/action_dispatch/middleware/templates/routes/_route.html.erb (0.7ms)
  Rendered /Users/nicholas.mueller/.rvm/gems/ruby-2.3.1@graphql-client/gems/actionpack-4.2.9/lib/action_dispatch/middleware/templates/routes/_route.html.erb (0.1ms)
  Rendered /Users/nicholas.mueller/.rvm/gems/ruby-2.3.1@graphql-client/gems/actionpack-4.2.9/lib/action_dispatch/middleware/templates/routes/_table.html.erb (1.0ms)
  Rendered /Users/nicholas.mueller/.rvm/gems/ruby-2.3.1@graphql-client/gems/actionpack-4.2.9/lib/action_dispatch/middleware/templates/rescues/_request_and_response.html.erb (1.3ms)
  Rendered /Users/nicholas.mueller/.rvm/gems/ruby-2.3.1@graphql-client/gems/actionpack-4.2.9/lib/action_dispatch/middleware/templates/rescues/routing_error.html.erb within rescues/layout (121.6ms)
  Rendered /Users/nicholas.mueller/.rvm/gems/ruby-2.3.1@graphql-client/gems/web-console-2.3.0/lib/web_console/templates/_markup.html.erb (0.3ms)
  Rendered /Users/nicholas.mueller/.rvm/gems/ruby-2.3.1@graphql-client/gems/web-console-2.3.0/lib/web_console/templates/_inner_console_markup.html.erb within layouts/inlined_string (0.3ms)
  Rendered /Users/nicholas.mueller/.rvm/gems/ruby-2.3.1@graphql-client/gems/web-console-2.3.0/lib/web_console/templates/_prompt_box_markup.html.erb within layouts/inlined_string (0.3ms)
  Rendered /Users/nicholas.mueller/.rvm/gems/ruby-2.3.1@graphql-client/gems/web-console-2.3.0/lib/web_console/templates/style.css.erb within layouts/inlined_string (0.4ms)
  Rendered /Users/nicholas.mueller/.rvm/gems/ruby-2.3.1@graphql-client/gems/web-console-2.3.0/lib/web_console/templates/console.js.erb within layouts/javascript (64.2ms)
  Rendered /Users/nicholas.mueller/.rvm/gems/ruby-2.3.1@graphql-client/gems/web-console-2.3.0/lib/web_console/templates/main.js.erb within layouts/javascript (0.3ms)
  Rendered /Users/nicholas.mueller/.rvm/gems/ruby-2.3.1@graphql-client/gems/web-console-2.3.0/lib/web_console/templates/error_page.js.erb within layouts/javascript (0.4ms)
  Rendered /Users/nicholas.mueller/.rvm/gems/ruby-2.3.1@graphql-client/gems/web-console-2.3.0/lib/web_console/templates/index.html.erb (143.7ms)


Started GET "/login" for 127.0.0.1 at 2018-03-12 08:13:46 -0500

ActionController::RoutingError (No route matches [GET] "/login"):
  actionpack (4.2.9) lib/action_dispatch/middleware/debug_exceptions.rb:21:in `call'
  web-console (2.3.0) lib/web_console/middleware.rb:28:in `block in call'
  web-console (2.3.0) lib/web_console/middleware.rb:18:in `catch'
  web-console (2.3.0) lib/web_console/middleware.rb:18:in `call'
  actionpack (4.2.9) lib/action_dispatch/middleware/show_exceptions.rb:30:in `call'
  railties (4.2.9) lib/rails/rack/logger.rb:38:in `call_app'
  railties (4.2.9) lib/rails/rack/logger.rb:20:in `block in call'
  activesupport (4.2.9) lib/active_support/tagged_logging.rb:68:in `block in tagged'
  activesupport (4.2.9) lib/active_support/tagged_logging.rb:26:in `tagged'
  activesupport (4.2.9) lib/active_support/tagged_logging.rb:68:in `tagged'
  railties (4.2.9) lib/rails/rack/logger.rb:20:in `call'
  actionpack (4.2.9) lib/action_dispatch/middleware/request_id.rb:21:in `call'
  rack (1.6.9) lib/rack/methodoverride.rb:22:in `call'
  rack (1.6.9) lib/rack/runtime.rb:18:in `call'
  activesupport (4.2.9) lib/active_support/cache/strategy/local_cache_middleware.rb:28:in `call'
  rack (1.6.9) lib/rack/lock.rb:17:in `call'
  actionpack (4.2.9) lib/action_dispatch/middleware/static.rb:120:in `call'
  rack (1.6.9) lib/rack/sendfile.rb:113:in `call'
  railties (4.2.9) lib/rails/engine.rb:518:in `call'
  railties (4.2.9) lib/rails/application.rb:165:in `call'
  rack (1.6.9) lib/rack/lock.rb:17:in `call'
  rack (1.6.9) lib/rack/content_length.rb:15:in `call'
  rack (1.6.9) lib/rack/handler/webrick.rb:88:in `service'
  /Users/nicholas.mueller/.rvm/rubies/ruby-2.3.1/lib/ruby/2.3.0/webrick/httpserver.rb:140:in `service'
  /Users/nicholas.mueller/.rvm/rubies/ruby-2.3.1/lib/ruby/2.3.0/webrick/httpserver.rb:96:in `run'
  /Users/nicholas.mueller/.rvm/rubies/ruby-2.3.1/lib/ruby/2.3.0/webrick/server.rb:296:in `block in start_thread'


  Rendered /Users/nicholas.mueller/.rvm/gems/ruby-2.3.1@graphql-client/gems/actionpack-4.2.9/lib/action_dispatch/middleware/templates/rescues/_trace.html.erb (1.0ms)
  Rendered /Users/nicholas.mueller/.rvm/gems/ruby-2.3.1@graphql-client/gems/actionpack-4.2.9/lib/action_dispatch/middleware/templates/routes/_route.html.erb (0.5ms)
  Rendered /Users/nicholas.mueller/.rvm/gems/ruby-2.3.1@graphql-client/gems/actionpack-4.2.9/lib/action_dispatch/middleware/templates/routes/_route.html.erb (0.1ms)
  Rendered /Users/nicholas.mueller/.rvm/gems/ruby-2.3.1@graphql-client/gems/actionpack-4.2.9/lib/action_dispatch/middleware/templates/routes/_table.html.erb (1.2ms)
  Rendered /Users/nicholas.mueller/.rvm/gems/ruby-2.3.1@graphql-client/gems/actionpack-4.2.9/lib/action_dispatch/middleware/templates/rescues/_request_and_response.html.erb (0.7ms)
  Rendered /Users/nicholas.mueller/.rvm/gems/ruby-2.3.1@graphql-client/gems/actionpack-4.2.9/lib/action_dispatch/middleware/templates/rescues/routing_error.html.erb within rescues/layout (111.2ms)
  Rendered /Users/nicholas.mueller/.rvm/gems/ruby-2.3.1@graphql-client/gems/web-console-2.3.0/lib/web_console/templates/_markup.html.erb (0.3ms)
  Rendered /Users/nicholas.mueller/.rvm/gems/ruby-2.3.1@graphql-client/gems/web-console-2.3.0/lib/web_console/templates/_inner_console_markup.html.erb within layouts/inlined_string (0.3ms)
  Rendered /Users/nicholas.mueller/.rvm/gems/ruby-2.3.1@graphql-client/gems/web-console-2.3.0/lib/web_console/templates/_prompt_box_markup.html.erb within layouts/inlined_string (0.3ms)
  Rendered /Users/nicholas.mueller/.rvm/gems/ruby-2.3.1@graphql-client/gems/web-console-2.3.0/lib/web_console/templates/style.css.erb within layouts/inlined_string (0.3ms)
  Rendered /Users/nicholas.mueller/.rvm/gems/ruby-2.3.1@graphql-client/gems/web-console-2.3.0/lib/web_console/templates/console.js.erb within layouts/javascript (59.8ms)
  Rendered /Users/nicholas.mueller/.rvm/gems/ruby-2.3.1@graphql-client/gems/web-console-2.3.0/lib/web_console/templates/main.js.erb within layouts/javascript (0.2ms)
  Rendered /Users/nicholas.mueller/.rvm/gems/ruby-2.3.1@graphql-client/gems/web-console-2.3.0/lib/web_console/templates/error_page.js.erb within layouts/javascript (0.3ms)
  Rendered /Users/nicholas.mueller/.rvm/gems/ruby-2.3.1@graphql-client/gems/web-console-2.3.0/lib/web_console/templates/index.html.erb (132.8ms)
